{"/Users/aruhl/Documents/GitHub/JustWatchProject/justwatch-api/src/Backend/Server.js": {"path":"/Users/aruhl/Documents/GitHub/JustWatchProject/justwatch-api/src/Backend/Server.js","statementMap":{"0":{"start":{"line":3,"column":16},"end":{"line":3,"column":34}},"1":{"start":{"line":5,"column":15},"end":{"line":5,"column":24}},"2":{"start":{"line":8,"column":12},"end":{"line":8,"column":37}},"3":{"start":{"line":10,"column":12},"end":{"line":10,"column":122}},"4":{"start":{"line":14,"column":0},"end":{"line":14,"column":27}},"5":{"start":{"line":15,"column":0},"end":{"line":19,"column":2}},"6":{"start":{"line":22,"column":0},"end":{"line":24,"column":3}},"7":{"start":{"line":23,"column":2},"end":{"line":23,"column":57}},"8":{"start":{"line":28,"column":0},"end":{"line":38,"column":3}},"9":{"start":{"line":30,"column":2},"end":{"line":37,"column":3}},"10":{"start":{"line":31,"column":19},"end":{"line":31,"column":147}},"11":{"start":{"line":33,"column":4},"end":{"line":33,"column":104}},"12":{"start":{"line":34,"column":4},"end":{"line":34,"column":35}},"13":{"start":{"line":36,"column":4},"end":{"line":36,"column":56}},"14":{"start":{"line":40,"column":0},"end":{"line":50,"column":3}},"15":{"start":{"line":42,"column":2},"end":{"line":49,"column":3}},"16":{"start":{"line":43,"column":19},"end":{"line":43,"column":80}},"17":{"start":{"line":45,"column":4},"end":{"line":45,"column":63}},"18":{"start":{"line":46,"column":4},"end":{"line":46,"column":37}},"19":{"start":{"line":48,"column":4},"end":{"line":48,"column":57}},"20":{"start":{"line":52,"column":0},"end":{"line":60,"column":3}},"21":{"start":{"line":53,"column":2},"end":{"line":59,"column":3}},"22":{"start":{"line":54,"column":19},"end":{"line":54,"column":40}},"23":{"start":{"line":55,"column":4},"end":{"line":55,"column":63}},"24":{"start":{"line":56,"column":4},"end":{"line":56,"column":35}},"25":{"start":{"line":58,"column":4},"end":{"line":58,"column":56}},"26":{"start":{"line":62,"column":0},"end":{"line":70,"column":3}},"27":{"start":{"line":63,"column":2},"end":{"line":69,"column":3}},"28":{"start":{"line":64,"column":4},"end":{"line":64,"column":35}},"29":{"start":{"line":65,"column":4},"end":{"line":65,"column":50}},"30":{"start":{"line":66,"column":4},"end":{"line":66,"column":73}},"31":{"start":{"line":68,"column":4},"end":{"line":68,"column":56}},"32":{"start":{"line":73,"column":0},"end":{"line":80,"column":3}},"33":{"start":{"line":74,"column":2},"end":{"line":79,"column":3}},"34":{"start":{"line":75,"column":19},"end":{"line":75,"column":78}},"35":{"start":{"line":76,"column":4},"end":{"line":76,"column":63}},"36":{"start":{"line":78,"column":4},"end":{"line":78,"column":56}},"37":{"start":{"line":83,"column":0},"end":{"line":85,"column":3}},"38":{"start":{"line":84,"column":2},"end":{"line":84,"column":18}},"39":{"start":{"line":88,"column":13},"end":{"line":88,"column":37}},"40":{"start":{"line":89,"column":0},"end":{"line":96,"column":3}},"41":{"start":{"line":90,"column":2},"end":{"line":95,"column":3}},"42":{"start":{"line":91,"column":4},"end":{"line":91,"column":32}},"43":{"start":{"line":92,"column":4},"end":{"line":92,"column":58}},"44":{"start":{"line":94,"column":4},"end":{"line":94,"column":43}},"45":{"start":{"line":98,"column":0},"end":{"line":98,"column":24}}},"fnMap":{"0":{"name":"(anonymous_0)","decl":{"start":{"line":22,"column":16},"end":{"line":22,"column":17}},"loc":{"start":{"line":22,"column":30},"end":{"line":24,"column":1}},"line":22},"1":{"name":"(anonymous_1)","decl":{"start":{"line":28,"column":25},"end":{"line":28,"column":26}},"loc":{"start":{"line":28,"column":46},"end":{"line":38,"column":1}},"line":28},"2":{"name":"(anonymous_2)","decl":{"start":{"line":40,"column":41},"end":{"line":40,"column":42}},"loc":{"start":{"line":40,"column":62},"end":{"line":50,"column":1}},"line":40},"3":{"name":"(anonymous_3)","decl":{"start":{"line":52,"column":22},"end":{"line":52,"column":23}},"loc":{"start":{"line":52,"column":43},"end":{"line":60,"column":1}},"line":52},"4":{"name":"(anonymous_4)","decl":{"start":{"line":62,"column":33},"end":{"line":62,"column":34}},"loc":{"start":{"line":62,"column":54},"end":{"line":70,"column":1}},"line":62},"5":{"name":"(anonymous_5)","decl":{"start":{"line":73,"column":23},"end":{"line":73,"column":24}},"loc":{"start":{"line":73,"column":44},"end":{"line":80,"column":1}},"line":73},"6":{"name":"(anonymous_6)","decl":{"start":{"line":83,"column":11},"end":{"line":83,"column":12}},"loc":{"start":{"line":83,"column":26},"end":{"line":85,"column":1}},"line":83},"7":{"name":"(anonymous_7)","decl":{"start":{"line":89,"column":20},"end":{"line":89,"column":21}},"loc":{"start":{"line":89,"column":32},"end":{"line":96,"column":1}},"line":89}},"branchMap":{"0":{"loc":{"start":{"line":88,"column":13},"end":{"line":88,"column":37}},"type":"binary-expr","locations":[{"start":{"line":88,"column":13},"end":{"line":88,"column":29}},{"start":{"line":88,"column":33},"end":{"line":88,"column":37}}],"line":88}},"s":{"0":1,"1":1,"2":1,"3":1,"4":1,"5":1,"6":1,"7":0,"8":1,"9":0,"10":0,"11":0,"12":0,"13":0,"14":1,"15":0,"16":0,"17":0,"18":0,"19":0,"20":1,"21":0,"22":0,"23":0,"24":0,"25":0,"26":1,"27":0,"28":0,"29":0,"30":0,"31":0,"32":1,"33":0,"34":0,"35":0,"36":0,"37":1,"38":2,"39":1,"40":1,"41":1,"42":1,"43":1,"44":0,"45":1},"f":{"0":0,"1":0,"2":0,"3":0,"4":0,"5":0,"6":2,"7":1},"b":{"0":[1,1]},"_coverageSchema":"1a1c01bbd47fc00a2c39e90264f33305004495a9","hash":"424db399591c2a33b4795681d03229a21608db32"}
,"/Users/aruhl/Documents/GitHub/JustWatchProject/justwatch-api/src/Backend/dbOperations.js": {"path":"/Users/aruhl/Documents/GitHub/JustWatchProject/justwatch-api/src/Backend/dbOperations.js","statementMap":{"0":{"start":{"line":3,"column":24},"end":{"line":3,"column":42}},"1":{"start":{"line":6,"column":16},"end":{"line":18,"column":1}},"2":{"start":{"line":7,"column":2},"end":{"line":17,"column":3}},"3":{"start":{"line":8,"column":17},"end":{"line":11,"column":11}},"4":{"start":{"line":13,"column":4},"end":{"line":13,"column":67}},"5":{"start":{"line":14,"column":4},"end":{"line":14,"column":16}},"6":{"start":{"line":16,"column":4},"end":{"line":16,"column":47}},"7":{"start":{"line":21,"column":2},"end":{"line":26,"column":3}},"8":{"start":{"line":22,"column":19},"end":{"line":22,"column":99}},"9":{"start":{"line":23,"column":4},"end":{"line":23,"column":18}},"10":{"start":{"line":25,"column":4},"end":{"line":25,"column":39}},"11":{"start":{"line":30,"column":4},"end":{"line":36,"column":5}},"12":{"start":{"line":31,"column":23},"end":{"line":31,"column":70}},"13":{"start":{"line":32,"column":8},"end":{"line":32,"column":68}},"14":{"start":{"line":33,"column":8},"end":{"line":33,"column":22}},"15":{"start":{"line":35,"column":8},"end":{"line":35,"column":50}},"16":{"start":{"line":42,"column":2},"end":{"line":48,"column":3}},"17":{"start":{"line":45,"column":4},"end":{"line":45,"column":68}},"18":{"start":{"line":47,"column":4},"end":{"line":47,"column":47}},"19":{"start":{"line":52,"column":4},"end":{"line":56,"column":5}},"20":{"start":{"line":53,"column":8},"end":{"line":53,"column":64}},"21":{"start":{"line":55,"column":6},"end":{"line":55,"column":51}},"22":{"start":{"line":60,"column":4},"end":{"line":64,"column":5}},"23":{"start":{"line":61,"column":4},"end":{"line":61,"column":60}},"24":{"start":{"line":63,"column":6},"end":{"line":63,"column":46}},"25":{"start":{"line":68,"column":4},"end":{"line":72,"column":5}},"26":{"start":{"line":69,"column":8},"end":{"line":69,"column":74}},"27":{"start":{"line":71,"column":8},"end":{"line":71,"column":47}},"28":{"start":{"line":76,"column":4},"end":{"line":80,"column":5}},"29":{"start":{"line":77,"column":6},"end":{"line":77,"column":77}},"30":{"start":{"line":84,"column":4},"end":{"line":89,"column":5}},"31":{"start":{"line":85,"column":30},"end":{"line":85,"column":114}},"32":{"start":{"line":86,"column":8},"end":{"line":86,"column":93}},"33":{"start":{"line":95,"column":2},"end":{"line":100,"column":3}},"34":{"start":{"line":96,"column":28},"end":{"line":96,"column":139}},"35":{"start":{"line":97,"column":6},"end":{"line":97,"column":24}},"36":{"start":{"line":104,"column":0},"end":{"line":106,"column":2}},"37":{"start":{"line":108,"column":0},"end":{"line":108,"column":120}}},"fnMap":{"0":{"name":"(anonymous_0)","decl":{"start":{"line":6,"column":16},"end":{"line":6,"column":17}},"loc":{"start":{"line":6,"column":31},"end":{"line":18,"column":1}},"line":6},"1":{"name":"login","decl":{"start":{"line":20,"column":15},"end":{"line":20,"column":20}},"loc":{"start":{"line":20,"column":45},"end":{"line":27,"column":1}},"line":20},"2":{"name":"register","decl":{"start":{"line":29,"column":15},"end":{"line":29,"column":23}},"loc":{"start":{"line":29,"column":36},"end":{"line":38,"column":1}},"line":29},"3":{"name":"deleteUser","decl":{"start":{"line":41,"column":15},"end":{"line":41,"column":25}},"loc":{"start":{"line":41,"column":40},"end":{"line":49,"column":1}},"line":41},"4":{"name":"getMovies","decl":{"start":{"line":51,"column":15},"end":{"line":51,"column":24}},"loc":{"start":{"line":51,"column":29},"end":{"line":57,"column":1}},"line":51},"5":{"name":"getMovieByID","decl":{"start":{"line":59,"column":15},"end":{"line":59,"column":27}},"loc":{"start":{"line":59,"column":36},"end":{"line":65,"column":3}},"line":59},"6":{"name":"getUser","decl":{"start":{"line":67,"column":15},"end":{"line":67,"column":22}},"loc":{"start":{"line":67,"column":37},"end":{"line":73,"column":1}},"line":67},"7":{"name":"getFriends","decl":{"start":{"line":75,"column":15},"end":{"line":75,"column":25}},"loc":{"start":{"line":75,"column":40},"end":{"line":81,"column":1}},"line":75},"8":{"name":"addFriend","decl":{"start":{"line":83,"column":15},"end":{"line":83,"column":24}},"loc":{"start":{"line":83,"column":43},"end":{"line":90,"column":1}},"line":83},"9":{"name":"movieInteract","decl":{"start":{"line":94,"column":15},"end":{"line":94,"column":28}},"loc":{"start":{"line":94,"column":63},"end":{"line":101,"column":1}},"line":94}},"branchMap":{},"s":{"0":2,"1":2,"2":5,"3":5,"4":5,"5":5,"6":0,"7":3,"8":3,"9":3,"10":0,"11":3,"12":3,"13":3,"14":3,"15":0,"16":2,"17":2,"18":0,"19":2,"20":2,"21":1,"22":2,"23":2,"24":0,"25":3,"26":3,"27":0,"28":0,"29":0,"30":1,"31":1,"32":1,"33":0,"34":0,"35":0,"36":2,"37":2},"f":{"0":5,"1":3,"2":3,"3":2,"4":2,"5":2,"6":3,"7":0,"8":1,"9":0},"b":{},"_coverageSchema":"1a1c01bbd47fc00a2c39e90264f33305004495a9","hash":"8e8e6df82b973a2aa5bc752022f3f82881fdca08"}
}
