{"/Users/aruhl/Documents/GitHub/JustWatchProject/justwatch-api/src/Backend/Server.js": {"path":"/Users/aruhl/Documents/GitHub/JustWatchProject/justwatch-api/src/Backend/Server.js","statementMap":{"0":{"start":{"line":3,"column":16},"end":{"line":3,"column":34}},"1":{"start":{"line":4,"column":13},"end":{"line":4,"column":28}},"2":{"start":{"line":6,"column":15},"end":{"line":6,"column":24}},"3":{"start":{"line":9,"column":12},"end":{"line":9,"column":37}},"4":{"start":{"line":10,"column":17},"end":{"line":10,"column":39}},"5":{"start":{"line":12,"column":12},"end":{"line":12,"column":122}},"6":{"start":{"line":16,"column":0},"end":{"line":16,"column":27}},"7":{"start":{"line":17,"column":0},"end":{"line":21,"column":2}},"8":{"start":{"line":22,"column":0},"end":{"line":22,"column":75}},"9":{"start":{"line":25,"column":0},"end":{"line":27,"column":3}},"10":{"start":{"line":26,"column":2},"end":{"line":26,"column":57}},"11":{"start":{"line":31,"column":0},"end":{"line":43,"column":3}},"12":{"start":{"line":33,"column":2},"end":{"line":33,"column":23}},"13":{"start":{"line":34,"column":2},"end":{"line":42,"column":3}},"14":{"start":{"line":36,"column":19},"end":{"line":36,"column":147}},"15":{"start":{"line":38,"column":4},"end":{"line":38,"column":104}},"16":{"start":{"line":39,"column":4},"end":{"line":39,"column":35}},"17":{"start":{"line":41,"column":4},"end":{"line":41,"column":56}},"18":{"start":{"line":58,"column":0},"end":{"line":66,"column":3}},"19":{"start":{"line":59,"column":2},"end":{"line":65,"column":3}},"20":{"start":{"line":60,"column":19},"end":{"line":60,"column":42}},"21":{"start":{"line":61,"column":4},"end":{"line":61,"column":63}},"22":{"start":{"line":63,"column":4},"end":{"line":63,"column":56}},"23":{"start":{"line":64,"column":4},"end":{"line":64,"column":21}},"24":{"start":{"line":68,"column":0},"end":{"line":76,"column":3}},"25":{"start":{"line":69,"column":2},"end":{"line":75,"column":3}},"26":{"start":{"line":70,"column":19},"end":{"line":70,"column":60}},"27":{"start":{"line":71,"column":4},"end":{"line":71,"column":94}},"28":{"start":{"line":72,"column":4},"end":{"line":72,"column":71}},"29":{"start":{"line":74,"column":4},"end":{"line":74,"column":63}},"30":{"start":{"line":78,"column":0},"end":{"line":95,"column":3}},"31":{"start":{"line":79,"column":33},"end":{"line":79,"column":42}},"32":{"start":{"line":80,"column":2},"end":{"line":94,"column":7}},"33":{"start":{"line":82,"column":8},"end":{"line":86,"column":9}},"34":{"start":{"line":83,"column":10},"end":{"line":83,"column":59}},"35":{"start":{"line":85,"column":10},"end":{"line":85,"column":51}},"36":{"start":{"line":87,"column":8},"end":{"line":91,"column":9}},"37":{"start":{"line":88,"column":10},"end":{"line":88,"column":61}},"38":{"start":{"line":90,"column":10},"end":{"line":90,"column":69}},"39":{"start":{"line":93,"column":8},"end":{"line":93,"column":66}},"40":{"start":{"line":97,"column":0},"end":{"line":104,"column":3}},"41":{"start":{"line":98,"column":2},"end":{"line":103,"column":3}},"42":{"start":{"line":99,"column":19},"end":{"line":99,"column":41}},"43":{"start":{"line":100,"column":4},"end":{"line":100,"column":63}},"44":{"start":{"line":102,"column":4},"end":{"line":102,"column":63}},"45":{"start":{"line":107,"column":0},"end":{"line":120,"column":3}},"46":{"start":{"line":108,"column":23},"end":{"line":108,"column":32}},"47":{"start":{"line":109,"column":2},"end":{"line":119,"column":7}},"48":{"start":{"line":110,"column":21},"end":{"line":110,"column":46}},"49":{"start":{"line":111,"column":27},"end":{"line":111,"column":77}},"50":{"start":{"line":112,"column":31},"end":{"line":112,"column":61}},"51":{"start":{"line":112,"column":53},"end":{"line":112,"column":60}},"52":{"start":{"line":113,"column":25},"end":{"line":113,"column":79}},"53":{"start":{"line":113,"column":44},"end":{"line":113,"column":78}},"54":{"start":{"line":114,"column":23},"end":{"line":114,"column":64}},"55":{"start":{"line":115,"column":6},"end":{"line":115,"column":44}},"56":{"start":{"line":116,"column":6},"end":{"line":116,"column":64}},"57":{"start":{"line":118,"column":8},"end":{"line":118,"column":67}},"58":{"start":{"line":123,"column":0},"end":{"line":159,"column":3}},"59":{"start":{"line":124,"column":23},"end":{"line":124,"column":32}},"60":{"start":{"line":125,"column":2},"end":{"line":158,"column":7}},"61":{"start":{"line":126,"column":22},"end":{"line":126,"column":80}},"62":{"start":{"line":126,"column":72},"end":{"line":126,"column":79}},"63":{"start":{"line":127,"column":23},"end":{"line":127,"column":48}},"64":{"start":{"line":128,"column":31},"end":{"line":132,"column":9}},"65":{"start":{"line":129,"column":22},"end":{"line":129,"column":65}},"66":{"start":{"line":130,"column":28},"end":{"line":130,"column":51}},"67":{"start":{"line":130,"column":43},"end":{"line":130,"column":50}},"68":{"start":{"line":131,"column":8},"end":{"line":131,"column":45}},"69":{"start":{"line":133,"column":6},"end":{"line":133,"column":36}},"70":{"start":{"line":134,"column":30},"end":{"line":137,"column":8}},"71":{"start":{"line":135,"column":24},"end":{"line":135,"column":71}},"72":{"start":{"line":135,"column":46},"end":{"line":135,"column":70}},"73":{"start":{"line":136,"column":8},"end":{"line":136,"column":71}},"74":{"start":{"line":139,"column":40},"end":{"line":149,"column":9}},"75":{"start":{"line":140,"column":35},"end":{"line":147,"column":11}},"76":{"start":{"line":141,"column":26},"end":{"line":141,"column":59}},"77":{"start":{"line":142,"column":10},"end":{"line":146,"column":11}},"78":{"start":{"line":143,"column":12},"end":{"line":143,"column":33}},"79":{"start":{"line":145,"column":12},"end":{"line":145,"column":27}},"80":{"start":{"line":148,"column":8},"end":{"line":148,"column":57}},"81":{"start":{"line":152,"column":21},"end":{"line":152,"column":99}},"82":{"start":{"line":152,"column":60},"end":{"line":152,"column":98}},"83":{"start":{"line":153,"column":6},"end":{"line":153,"column":21}},"84":{"start":{"line":154,"column":6},"end":{"line":154,"column":46}},"85":{"start":{"line":156,"column":8},"end":{"line":156,"column":25}},"86":{"start":{"line":157,"column":8},"end":{"line":157,"column":74}},"87":{"start":{"line":162,"column":0},"end":{"line":170,"column":3}},"88":{"start":{"line":163,"column":43},"end":{"line":163,"column":52}},"89":{"start":{"line":164,"column":2},"end":{"line":169,"column":7}},"90":{"start":{"line":165,"column":6},"end":{"line":165,"column":67}},"91":{"start":{"line":166,"column":6},"end":{"line":166,"column":66}},"92":{"start":{"line":168,"column":8},"end":{"line":168,"column":75}},"93":{"start":{"line":172,"column":0},"end":{"line":180,"column":3}},"94":{"start":{"line":173,"column":2},"end":{"line":179,"column":3}},"95":{"start":{"line":174,"column":19},"end":{"line":174,"column":48}},"96":{"start":{"line":175,"column":4},"end":{"line":175,"column":63}},"97":{"start":{"line":177,"column":4},"end":{"line":177,"column":56}},"98":{"start":{"line":178,"column":4},"end":{"line":178,"column":21}},"99":{"start":{"line":205,"column":0},"end":{"line":212,"column":3}},"100":{"start":{"line":206,"column":2},"end":{"line":211,"column":3}},"101":{"start":{"line":207,"column":19},"end":{"line":207,"column":64}},"102":{"start":{"line":208,"column":4},"end":{"line":208,"column":63}},"103":{"start":{"line":210,"column":4},"end":{"line":210,"column":65}},"104":{"start":{"line":214,"column":0},"end":{"line":224,"column":3}},"105":{"start":{"line":215,"column":2},"end":{"line":223,"column":3}},"106":{"start":{"line":216,"column":19},"end":{"line":218,"column":61}},"107":{"start":{"line":219,"column":6},"end":{"line":219,"column":76}},"108":{"start":{"line":220,"column":6},"end":{"line":220,"column":34}},"109":{"start":{"line":222,"column":4},"end":{"line":222,"column":61}},"110":{"start":{"line":226,"column":0},"end":{"line":234,"column":2}},"111":{"start":{"line":227,"column":2},"end":{"line":233,"column":3}},"112":{"start":{"line":228,"column":19},"end":{"line":228,"column":91}},"113":{"start":{"line":229,"column":4},"end":{"line":229,"column":131}},"114":{"start":{"line":230,"column":4},"end":{"line":230,"column":34}},"115":{"start":{"line":232,"column":4},"end":{"line":232,"column":71}},"116":{"start":{"line":236,"column":0},"end":{"line":244,"column":3}},"117":{"start":{"line":237,"column":2},"end":{"line":243,"column":3}},"118":{"start":{"line":238,"column":4},"end":{"line":238,"column":35}},"119":{"start":{"line":239,"column":4},"end":{"line":239,"column":50}},"120":{"start":{"line":240,"column":4},"end":{"line":240,"column":73}},"121":{"start":{"line":242,"column":4},"end":{"line":242,"column":56}},"122":{"start":{"line":250,"column":0},"end":{"line":260,"column":5}},"123":{"start":{"line":251,"column":4},"end":{"line":260,"column":2}},"124":{"start":{"line":252,"column":6},"end":{"line":252,"column":80}},"125":{"start":{"line":254,"column":21},"end":{"line":254,"column":90}},"126":{"start":{"line":255,"column":6},"end":{"line":255,"column":26}},"127":{"start":{"line":256,"column":6},"end":{"line":256,"column":48}},"128":{"start":{"line":257,"column":6},"end":{"line":257,"column":20}},"129":{"start":{"line":259,"column":6},"end":{"line":259,"column":58}},"130":{"start":{"line":264,"column":0},"end":{"line":275,"column":3}},"131":{"start":{"line":267,"column":4},"end":{"line":270,"column":5}},"132":{"start":{"line":268,"column":8},"end":{"line":268,"column":67}},"133":{"start":{"line":269,"column":8},"end":{"line":269,"column":15}},"134":{"start":{"line":272,"column":4},"end":{"line":272,"column":75}},"135":{"start":{"line":274,"column":4},"end":{"line":274,"column":43}},"136":{"start":{"line":288,"column":0},"end":{"line":290,"column":3}},"137":{"start":{"line":289,"column":2},"end":{"line":289,"column":18}},"138":{"start":{"line":293,"column":13},"end":{"line":293,"column":37}},"139":{"start":{"line":294,"column":0},"end":{"line":301,"column":3}},"140":{"start":{"line":295,"column":2},"end":{"line":300,"column":3}},"141":{"start":{"line":296,"column":4},"end":{"line":296,"column":32}},"142":{"start":{"line":297,"column":4},"end":{"line":297,"column":58}},"143":{"start":{"line":299,"column":4},"end":{"line":299,"column":43}},"144":{"start":{"line":303,"column":0},"end":{"line":303,"column":24}}},"fnMap":{"0":{"name":"(anonymous_0)","decl":{"start":{"line":25,"column":16},"end":{"line":25,"column":17}},"loc":{"start":{"line":25,"column":30},"end":{"line":27,"column":1}},"line":25},"1":{"name":"(anonymous_1)","decl":{"start":{"line":31,"column":25},"end":{"line":31,"column":26}},"loc":{"start":{"line":31,"column":46},"end":{"line":43,"column":1}},"line":31},"2":{"name":"(anonymous_2)","decl":{"start":{"line":58,"column":22},"end":{"line":58,"column":23}},"loc":{"start":{"line":58,"column":43},"end":{"line":66,"column":1}},"line":58},"3":{"name":"(anonymous_3)","decl":{"start":{"line":68,"column":26},"end":{"line":68,"column":27}},"loc":{"start":{"line":68,"column":47},"end":{"line":76,"column":1}},"line":68},"4":{"name":"(anonymous_4)","decl":{"start":{"line":78,"column":29},"end":{"line":78,"column":30}},"loc":{"start":{"line":78,"column":50},"end":{"line":95,"column":1}},"line":78},"5":{"name":"(anonymous_5)","decl":{"start":{"line":97,"column":21},"end":{"line":97,"column":22}},"loc":{"start":{"line":97,"column":42},"end":{"line":104,"column":1}},"line":97},"6":{"name":"(anonymous_6)","decl":{"start":{"line":107,"column":33},"end":{"line":107,"column":34}},"loc":{"start":{"line":107,"column":54},"end":{"line":120,"column":1}},"line":107},"7":{"name":"(anonymous_7)","decl":{"start":{"line":112,"column":48},"end":{"line":112,"column":49}},"loc":{"start":{"line":112,"column":53},"end":{"line":112,"column":60}},"line":112},"8":{"name":"(anonymous_8)","decl":{"start":{"line":113,"column":39},"end":{"line":113,"column":40}},"loc":{"start":{"line":113,"column":44},"end":{"line":113,"column":78}},"line":113},"9":{"name":"(anonymous_9)","decl":{"start":{"line":123,"column":33},"end":{"line":123,"column":34}},"loc":{"start":{"line":123,"column":54},"end":{"line":159,"column":1}},"line":123},"10":{"name":"(anonymous_10)","decl":{"start":{"line":126,"column":67},"end":{"line":126,"column":68}},"loc":{"start":{"line":126,"column":72},"end":{"line":126,"column":79}},"line":126},"11":{"name":"(anonymous_11)","decl":{"start":{"line":128,"column":62},"end":{"line":128,"column":63}},"loc":{"start":{"line":128,"column":78},"end":{"line":132,"column":7}},"line":128},"12":{"name":"(anonymous_12)","decl":{"start":{"line":130,"column":38},"end":{"line":130,"column":39}},"loc":{"start":{"line":130,"column":43},"end":{"line":130,"column":50}},"line":130},"13":{"name":"(anonymous_13)","decl":{"start":{"line":134,"column":51},"end":{"line":134,"column":52}},"loc":{"start":{"line":134,"column":61},"end":{"line":137,"column":7}},"line":134},"14":{"name":"(anonymous_14)","decl":{"start":{"line":135,"column":39},"end":{"line":135,"column":40}},"loc":{"start":{"line":135,"column":46},"end":{"line":135,"column":70}},"line":135},"15":{"name":"(anonymous_15)","decl":{"start":{"line":139,"column":78},"end":{"line":139,"column":79}},"loc":{"start":{"line":139,"column":94},"end":{"line":149,"column":7}},"line":139},"16":{"name":"(anonymous_16)","decl":{"start":{"line":140,"column":70},"end":{"line":140,"column":71}},"loc":{"start":{"line":140,"column":87},"end":{"line":147,"column":9}},"line":140},"17":{"name":"(anonymous_17)","decl":{"start":{"line":152,"column":51},"end":{"line":152,"column":52}},"loc":{"start":{"line":152,"column":60},"end":{"line":152,"column":98}},"line":152},"18":{"name":"(anonymous_18)","decl":{"start":{"line":162,"column":31},"end":{"line":162,"column":32}},"loc":{"start":{"line":162,"column":52},"end":{"line":170,"column":1}},"line":162},"19":{"name":"(anonymous_19)","decl":{"start":{"line":172,"column":28},"end":{"line":172,"column":29}},"loc":{"start":{"line":172,"column":49},"end":{"line":180,"column":1}},"line":172},"20":{"name":"(anonymous_20)","decl":{"start":{"line":205,"column":39},"end":{"line":205,"column":40}},"loc":{"start":{"line":205,"column":60},"end":{"line":212,"column":1}},"line":205},"21":{"name":"(anonymous_21)","decl":{"start":{"line":214,"column":32},"end":{"line":214,"column":33}},"loc":{"start":{"line":214,"column":53},"end":{"line":224,"column":1}},"line":214},"22":{"name":"(anonymous_22)","decl":{"start":{"line":226,"column":32},"end":{"line":226,"column":33}},"loc":{"start":{"line":226,"column":52},"end":{"line":234,"column":1}},"line":226},"23":{"name":"(anonymous_23)","decl":{"start":{"line":236,"column":33},"end":{"line":236,"column":34}},"loc":{"start":{"line":236,"column":54},"end":{"line":244,"column":1}},"line":236},"24":{"name":"(anonymous_24)","decl":{"start":{"line":250,"column":24},"end":{"line":250,"column":25}},"loc":{"start":{"line":250,"column":44},"end":{"line":260,"column":3}},"line":250},"25":{"name":"(anonymous_25)","decl":{"start":{"line":264,"column":25},"end":{"line":264,"column":26}},"loc":{"start":{"line":264,"column":45},"end":{"line":275,"column":1}},"line":264},"26":{"name":"(anonymous_26)","decl":{"start":{"line":288,"column":11},"end":{"line":288,"column":12}},"loc":{"start":{"line":288,"column":26},"end":{"line":290,"column":1}},"line":288},"27":{"name":"(anonymous_27)","decl":{"start":{"line":294,"column":20},"end":{"line":294,"column":21}},"loc":{"start":{"line":294,"column":32},"end":{"line":301,"column":1}},"line":294}},"branchMap":{"0":{"loc":{"start":{"line":82,"column":8},"end":{"line":86,"column":9}},"type":"if","locations":[{"start":{"line":82,"column":8},"end":{"line":86,"column":9}},{"start":{"line":84,"column":15},"end":{"line":86,"column":9}}],"line":82},"1":{"loc":{"start":{"line":87,"column":8},"end":{"line":91,"column":9}},"type":"if","locations":[{"start":{"line":87,"column":8},"end":{"line":91,"column":9}},{"start":{"line":89,"column":15},"end":{"line":91,"column":9}}],"line":87},"2":{"loc":{"start":{"line":142,"column":10},"end":{"line":146,"column":11}},"type":"if","locations":[{"start":{"line":142,"column":10},"end":{"line":146,"column":11}},{"start":{"line":144,"column":17},"end":{"line":146,"column":11}}],"line":142},"3":{"loc":{"start":{"line":152,"column":60},"end":{"line":152,"column":98}},"type":"cond-expr","locations":[{"start":{"line":152,"column":92},"end":{"line":152,"column":93}},{"start":{"line":152,"column":96},"end":{"line":152,"column":98}}],"line":152},"4":{"loc":{"start":{"line":267,"column":4},"end":{"line":270,"column":5}},"type":"if","locations":[{"start":{"line":267,"column":4},"end":{"line":270,"column":5}},{"start":{},"end":{}}],"line":267},"5":{"loc":{"start":{"line":267,"column":7},"end":{"line":267,"column":58}},"type":"binary-expr","locations":[{"start":{"line":267,"column":7},"end":{"line":267,"column":21}},{"start":{"line":267,"column":25},"end":{"line":267,"column":37}},{"start":{"line":267,"column":41},"end":{"line":267,"column":58}}],"line":267},"6":{"loc":{"start":{"line":293,"column":13},"end":{"line":293,"column":37}},"type":"binary-expr","locations":[{"start":{"line":293,"column":13},"end":{"line":293,"column":29}},{"start":{"line":293,"column":33},"end":{"line":293,"column":37}}],"line":293}},"s":{"0":1,"1":1,"2":1,"3":1,"4":1,"5":1,"6":1,"7":1,"8":1,"9":1,"10":0,"11":1,"12":2,"13":2,"14":2,"15":2,"16":1,"17":1,"18":1,"19":1,"20":1,"21":1,"22":0,"23":0,"24":1,"25":1,"26":1,"27":1,"28":0,"29":1,"30":1,"31":0,"32":0,"33":0,"34":0,"35":0,"36":0,"37":0,"38":0,"39":0,"40":1,"41":1,"42":1,"43":1,"44":0,"45":1,"46":1,"47":1,"48":1,"49":1,"50":1,"51":0,"52":1,"53":9,"54":1,"55":1,"56":1,"57":0,"58":1,"59":0,"60":0,"61":0,"62":0,"63":0,"64":0,"65":0,"66":0,"67":0,"68":0,"69":0,"70":0,"71":0,"72":0,"73":0,"74":0,"75":0,"76":0,"77":0,"78":0,"79":0,"80":0,"81":0,"82":0,"83":0,"84":0,"85":0,"86":0,"87":1,"88":0,"89":0,"90":0,"91":0,"92":0,"93":1,"94":0,"95":0,"96":0,"97":0,"98":0,"99":1,"100":0,"101":0,"102":0,"103":0,"104":1,"105":0,"106":0,"107":0,"108":0,"109":0,"110":1,"111":0,"112":0,"113":0,"114":0,"115":0,"116":1,"117":1,"118":1,"119":1,"120":0,"121":1,"122":1,"123":0,"124":0,"125":0,"126":0,"127":0,"128":0,"129":0,"130":1,"131":0,"132":0,"133":0,"134":0,"135":0,"136":1,"137":0,"138":1,"139":1,"140":1,"141":1,"142":1,"143":0,"144":1},"f":{"0":0,"1":2,"2":1,"3":1,"4":0,"5":1,"6":1,"7":0,"8":9,"9":0,"10":0,"11":0,"12":0,"13":0,"14":0,"15":0,"16":0,"17":0,"18":0,"19":0,"20":0,"21":0,"22":0,"23":1,"24":0,"25":0,"26":0,"27":1},"b":{"0":[0,0],"1":[0,0],"2":[0,0],"3":[0,0],"4":[0,0],"5":[0,0,0],"6":[1,1]},"_coverageSchema":"1a1c01bbd47fc00a2c39e90264f33305004495a9","hash":"a996f30950e7cd37b359ca5734ebcbe10364f09e"}
,"/Users/aruhl/Documents/GitHub/JustWatchProject/justwatch-api/src/Backend/dbOperations.js": {"path":"/Users/aruhl/Documents/GitHub/JustWatchProject/justwatch-api/src/Backend/dbOperations.js","statementMap":{"0":{"start":{"line":3,"column":24},"end":{"line":3,"column":42}},"1":{"start":{"line":6,"column":16},"end":{"line":18,"column":1}},"2":{"start":{"line":7,"column":2},"end":{"line":17,"column":3}},"3":{"start":{"line":8,"column":17},"end":{"line":11,"column":11}},"4":{"start":{"line":13,"column":4},"end":{"line":13,"column":67}},"5":{"start":{"line":14,"column":4},"end":{"line":14,"column":16}},"6":{"start":{"line":16,"column":4},"end":{"line":16,"column":47}},"7":{"start":{"line":21,"column":2},"end":{"line":26,"column":3}},"8":{"start":{"line":22,"column":19},"end":{"line":22,"column":99}},"9":{"start":{"line":23,"column":4},"end":{"line":23,"column":18}},"10":{"start":{"line":25,"column":4},"end":{"line":25,"column":39}},"11":{"start":{"line":30,"column":4},"end":{"line":42,"column":5}},"12":{"start":{"line":31,"column":21},"end":{"line":31,"column":87}},"13":{"start":{"line":33,"column":8},"end":{"line":38,"column":9}},"14":{"start":{"line":35,"column":25},"end":{"line":35,"column":72}},"15":{"start":{"line":36,"column":10},"end":{"line":36,"column":70}},"16":{"start":{"line":37,"column":10},"end":{"line":37,"column":24}},"17":{"start":{"line":41,"column":8},"end":{"line":41,"column":50}},"18":{"start":{"line":46,"column":2},"end":{"line":50,"column":3}},"19":{"start":{"line":47,"column":4},"end":{"line":47,"column":59}},"20":{"start":{"line":49,"column":4},"end":{"line":49,"column":47}},"21":{"start":{"line":55,"column":2},"end":{"line":61,"column":3}},"22":{"start":{"line":58,"column":4},"end":{"line":58,"column":68}},"23":{"start":{"line":60,"column":4},"end":{"line":60,"column":47}},"24":{"start":{"line":65,"column":4},"end":{"line":69,"column":5}},"25":{"start":{"line":66,"column":8},"end":{"line":66,"column":100}},"26":{"start":{"line":66,"column":83},"end":{"line":66,"column":88}},"27":{"start":{"line":68,"column":6},"end":{"line":68,"column":50}},"28":{"start":{"line":73,"column":2},"end":{"line":78,"column":3}},"29":{"start":{"line":74,"column":6},"end":{"line":74,"column":62}},"30":{"start":{"line":76,"column":4},"end":{"line":76,"column":21}},"31":{"start":{"line":77,"column":4},"end":{"line":77,"column":49}},"32":{"start":{"line":82,"column":4},"end":{"line":89,"column":5}},"33":{"start":{"line":83,"column":17},"end":{"line":83,"column":65}},"34":{"start":{"line":85,"column":4},"end":{"line":85,"column":16}},"35":{"start":{"line":87,"column":6},"end":{"line":87,"column":23}},"36":{"start":{"line":88,"column":6},"end":{"line":88,"column":46}},"37":{"start":{"line":93,"column":4},"end":{"line":99,"column":5}},"38":{"start":{"line":94,"column":20},"end":{"line":94,"column":78}},"39":{"start":{"line":96,"column":8},"end":{"line":96,"column":19}},"40":{"start":{"line":98,"column":8},"end":{"line":98,"column":47}},"41":{"start":{"line":103,"column":2},"end":{"line":108,"column":3}},"42":{"start":{"line":104,"column":18},"end":{"line":104,"column":65}},"43":{"start":{"line":105,"column":6},"end":{"line":105,"column":17}},"44":{"start":{"line":107,"column":6},"end":{"line":107,"column":46}},"45":{"start":{"line":112,"column":4},"end":{"line":116,"column":5}},"46":{"start":{"line":113,"column":6},"end":{"line":113,"column":77}},"47":{"start":{"line":120,"column":4},"end":{"line":125,"column":5}},"48":{"start":{"line":121,"column":30},"end":{"line":121,"column":114}},"49":{"start":{"line":122,"column":8},"end":{"line":122,"column":93}},"50":{"start":{"line":129,"column":2},"end":{"line":136,"column":3}},"51":{"start":{"line":130,"column":21},"end":{"line":130,"column":93}},"52":{"start":{"line":131,"column":6},"end":{"line":134,"column":7}},"53":{"start":{"line":132,"column":28},"end":{"line":132,"column":107}},"54":{"start":{"line":133,"column":6},"end":{"line":133,"column":24}},"55":{"start":{"line":140,"column":2},"end":{"line":147,"column":3}},"56":{"start":{"line":142,"column":20},"end":{"line":142,"column":92}},"57":{"start":{"line":144,"column":4},"end":{"line":144,"column":27}},"58":{"start":{"line":151,"column":2},"end":{"line":158,"column":3}},"59":{"start":{"line":152,"column":20},"end":{"line":152,"column":92}},"60":{"start":{"line":153,"column":21},"end":{"line":153,"column":36}},"61":{"start":{"line":155,"column":4},"end":{"line":155,"column":27}},"62":{"start":{"line":156,"column":4},"end":{"line":156,"column":131}},"63":{"start":{"line":162,"column":2},"end":{"line":166,"column":3}},"64":{"start":{"line":163,"column":4},"end":{"line":163,"column":66}},"65":{"start":{"line":165,"column":4},"end":{"line":165,"column":55}},"66":{"start":{"line":172,"column":2},"end":{"line":177,"column":3}},"67":{"start":{"line":173,"column":28},"end":{"line":173,"column":135}},"68":{"start":{"line":174,"column":6},"end":{"line":174,"column":24}},"69":{"start":{"line":181,"column":2},"end":{"line":185,"column":3}},"70":{"start":{"line":182,"column":6},"end":{"line":182,"column":86}},"71":{"start":{"line":190,"column":2},"end":{"line":194,"column":3}},"72":{"start":{"line":191,"column":6},"end":{"line":191,"column":107}},"73":{"start":{"line":198,"column":0},"end":{"line":219,"column":2}},"74":{"start":{"line":221,"column":0},"end":{"line":221,"column":120}}},"fnMap":{"0":{"name":"(anonymous_0)","decl":{"start":{"line":6,"column":16},"end":{"line":6,"column":17}},"loc":{"start":{"line":6,"column":31},"end":{"line":18,"column":1}},"line":6},"1":{"name":"login","decl":{"start":{"line":20,"column":15},"end":{"line":20,"column":20}},"loc":{"start":{"line":20,"column":45},"end":{"line":27,"column":1}},"line":20},"2":{"name":"register","decl":{"start":{"line":29,"column":15},"end":{"line":29,"column":23}},"loc":{"start":{"line":29,"column":36},"end":{"line":43,"column":1}},"line":29},"3":{"name":"getUsers","decl":{"start":{"line":45,"column":15},"end":{"line":45,"column":23}},"loc":{"start":{"line":45,"column":28},"end":{"line":51,"column":1}},"line":45},"4":{"name":"deleteUser","decl":{"start":{"line":54,"column":15},"end":{"line":54,"column":25}},"loc":{"start":{"line":54,"column":40},"end":{"line":62,"column":1}},"line":54},"5":{"name":"getMovieIds","decl":{"start":{"line":64,"column":15},"end":{"line":64,"column":26}},"loc":{"start":{"line":64,"column":31},"end":{"line":70,"column":1}},"line":64},"6":{"name":"(anonymous_6)","decl":{"start":{"line":66,"column":78},"end":{"line":66,"column":79}},"loc":{"start":{"line":66,"column":83},"end":{"line":66,"column":88}},"line":66},"7":{"name":"getMovies","decl":{"start":{"line":72,"column":15},"end":{"line":72,"column":24}},"loc":{"start":{"line":72,"column":29},"end":{"line":79,"column":1}},"line":72},"8":{"name":"getMovieByID","decl":{"start":{"line":81,"column":15},"end":{"line":81,"column":27}},"loc":{"start":{"line":81,"column":36},"end":{"line":90,"column":3}},"line":81},"9":{"name":"getUser","decl":{"start":{"line":92,"column":15},"end":{"line":92,"column":22}},"loc":{"start":{"line":92,"column":37},"end":{"line":100,"column":1}},"line":92},"10":{"name":"getAllUsers","decl":{"start":{"line":102,"column":15},"end":{"line":102,"column":26}},"loc":{"start":{"line":102,"column":31},"end":{"line":109,"column":1}},"line":102},"11":{"name":"getFriends","decl":{"start":{"line":111,"column":15},"end":{"line":111,"column":25}},"loc":{"start":{"line":111,"column":40},"end":{"line":117,"column":1}},"line":111},"12":{"name":"addFriend","decl":{"start":{"line":119,"column":15},"end":{"line":119,"column":24}},"loc":{"start":{"line":119,"column":43},"end":{"line":126,"column":1}},"line":119},"13":{"name":"startConversation","decl":{"start":{"line":128,"column":15},"end":{"line":128,"column":32}},"loc":{"start":{"line":128,"column":51},"end":{"line":137,"column":1}},"line":128},"14":{"name":"fetchMessages","decl":{"start":{"line":139,"column":15},"end":{"line":139,"column":28}},"loc":{"start":{"line":139,"column":47},"end":{"line":148,"column":1}},"line":139},"15":{"name":"sendMessage","decl":{"start":{"line":150,"column":15},"end":{"line":150,"column":26}},"loc":{"start":{"line":150,"column":54},"end":{"line":159,"column":1}},"line":150},"16":{"name":"getInteractions","decl":{"start":{"line":161,"column":15},"end":{"line":161,"column":30}},"loc":{"start":{"line":161,"column":35},"end":{"line":167,"column":1}},"line":161},"17":{"name":"newMovieInteract","decl":{"start":{"line":171,"column":15},"end":{"line":171,"column":31}},"loc":{"start":{"line":171,"column":66},"end":{"line":178,"column":1}},"line":171},"18":{"name":"getMovieInteractionsByUser","decl":{"start":{"line":180,"column":15},"end":{"line":180,"column":41}},"loc":{"start":{"line":180,"column":56},"end":{"line":186,"column":1}},"line":180},"19":{"name":"getLikesByUser","decl":{"start":{"line":189,"column":15},"end":{"line":189,"column":29}},"loc":{"start":{"line":189,"column":44},"end":{"line":195,"column":1}},"line":189}},"branchMap":{"0":{"loc":{"start":{"line":33,"column":8},"end":{"line":38,"column":9}},"type":"if","locations":[{"start":{"line":33,"column":8},"end":{"line":38,"column":9}},{"start":{},"end":{}}],"line":33},"1":{"loc":{"start":{"line":131,"column":6},"end":{"line":134,"column":7}},"type":"if","locations":[{"start":{"line":131,"column":6},"end":{"line":134,"column":7}},{"start":{},"end":{}}],"line":131}},"s":{"0":2,"1":2,"2":5,"3":5,"4":5,"5":5,"6":0,"7":3,"8":3,"9":3,"10":0,"11":12,"12":12,"13":12,"14":6,"15":6,"16":6,"17":0,"18":2,"19":2,"20":0,"21":8,"22":8,"23":0,"24":1,"25":1,"26":9,"27":0,"28":3,"29":3,"30":1,"31":1,"32":4,"33":4,"34":4,"35":0,"36":0,"37":10,"38":10,"39":10,"40":0,"41":1,"42":1,"43":1,"44":0,"45":1,"46":1,"47":2,"48":2,"49":2,"50":1,"51":1,"52":1,"53":0,"54":0,"55":1,"56":1,"57":1,"58":1,"59":1,"60":1,"61":1,"62":1,"63":0,"64":0,"65":0,"66":3,"67":3,"68":3,"69":2,"70":2,"71":1,"72":1,"73":2,"74":2},"f":{"0":5,"1":3,"2":12,"3":2,"4":8,"5":1,"6":9,"7":3,"8":4,"9":10,"10":1,"11":1,"12":2,"13":1,"14":1,"15":1,"16":0,"17":3,"18":2,"19":1},"b":{"0":[6,6],"1":[0,1]},"_coverageSchema":"1a1c01bbd47fc00a2c39e90264f33305004495a9","hash":"87481f8fd8591b8129383199a620798d2740d518"}
}
