TN:
SF:src/Backend/Server.js
FN:22,(anonymous_0)
FN:28,(anonymous_1)
FN:40,(anonymous_2)
FN:52,(anonymous_3)
FN:62,(anonymous_4)
FN:73,(anonymous_5)
FN:83,(anonymous_6)
FN:89,(anonymous_7)
FNF:8
FNH:2
FNDA:0,(anonymous_0)
FNDA:0,(anonymous_1)
FNDA:0,(anonymous_2)
FNDA:0,(anonymous_3)
FNDA:0,(anonymous_4)
FNDA:0,(anonymous_5)
FNDA:2,(anonymous_6)
FNDA:1,(anonymous_7)
DA:3,1
DA:5,1
DA:8,1
DA:10,1
DA:14,1
DA:15,1
DA:22,1
DA:23,0
DA:28,1
DA:30,0
DA:31,0
DA:33,0
DA:34,0
DA:36,0
DA:40,1
DA:42,0
DA:43,0
DA:45,0
DA:46,0
DA:48,0
DA:52,1
DA:53,0
DA:54,0
DA:55,0
DA:56,0
DA:58,0
DA:62,1
DA:63,0
DA:64,0
DA:65,0
DA:66,0
DA:68,0
DA:73,1
DA:74,0
DA:75,0
DA:76,0
DA:78,0
DA:83,1
DA:84,2
DA:88,1
DA:89,1
DA:90,1
DA:91,1
DA:92,1
DA:94,0
DA:98,1
LF:46
LH:20
BRDA:88,0,0,1
BRDA:88,0,1,1
BRF:2
BRH:2
end_of_record
TN:
SF:src/Backend/dbOperations.js
FN:6,(anonymous_0)
FN:21,login
FN:31,register
FN:43,deleteUser
FN:64,getMovies
FN:72,getMovieByID
FN:81,getUser
FN:90,getFriends
FN:98,addFriend
FN:109,movieInteract
FNF:10
FNH:7
FNDA:5,(anonymous_0)
FNDA:2,login
FNDA:3,register
FNDA:1,deleteUser
FNDA:0,getMovies
FNDA:1,getMovieByID
FNDA:4,getUser
FNDA:0,getFriends
FNDA:1,addFriend
FNDA:0,movieInteract
DA:3,2
DA:6,2
DA:7,5
DA:8,5
DA:13,5
DA:14,5
DA:16,0
DA:17,0
DA:22,2
DA:23,2
DA:24,2
DA:26,0
DA:27,0
DA:32,3
DA:33,3
DA:34,3
DA:35,3
DA:37,0
DA:44,1
DA:47,1
DA:49,0
DA:50,0
DA:65,0
DA:66,0
DA:68,0
DA:73,1
DA:74,1
DA:75,1
DA:77,1
DA:82,4
DA:83,4
DA:85,0
DA:86,0
DA:91,0
DA:92,0
DA:99,1
DA:100,1
DA:101,1
DA:110,0
DA:111,0
DA:112,0
DA:119,2
DA:123,2
LF:43
LH:26
BRF:0
BRH:0
end_of_record
