TN:
SF:src/Backend/dbOperations.js
FN:6,(anonymous_0)
FN:20,login
FN:29,register
FN:46,getUsers
FN:55,deleteUser
FN:65,getMovieIds
FN:67,(anonymous_6)
FN:73,getMovies
FN:82,getMovieByID
FN:93,getUser
FN:103,getAllUsers
FN:112,getFriends
FN:120,addFriend
FN:129,startConversation
FN:137,fetchMessages
FN:146,sendMessage
FN:156,getInteractions
FN:166,newMovieInteract
FN:175,getMovieInteractionsByUser
FN:184,getLikesByUser
FNF:20
FNH:13
FNDA:2,(anonymous_0)
FNDA:3,login
FNDA:8,register
FNDA:0,getUsers
FNDA:5,deleteUser
FNDA:0,getMovieIds
FNDA:0,(anonymous_6)
FNDA:2,getMovies
FNDA:2,getMovieByID
FNDA:10,getUser
FNDA:0,getAllUsers
FNDA:0,getFriends
FNDA:1,addFriend
FNDA:1,startConversation
FNDA:0,fetchMessages
FNDA:1,sendMessage
FNDA:0,getInteractions
FNDA:3,newMovieInteract
FNDA:1,getMovieInteractionsByUser
FNDA:1,getLikesByUser
DA:3,1
DA:6,1
DA:7,2
DA:8,2
DA:13,2
DA:14,2
DA:16,0
DA:21,3
DA:22,3
DA:23,3
DA:25,0
DA:30,8
DA:31,8
DA:33,8
DA:35,3
DA:36,3
DA:37,3
DA:41,0
DA:47,0
DA:48,0
DA:50,0
DA:56,5
DA:59,5
DA:61,0
DA:66,0
DA:67,0
DA:69,0
DA:74,2
DA:75,2
DA:77,1
DA:78,1
DA:83,2
DA:84,2
DA:86,2
DA:88,0
DA:89,0
DA:94,10
DA:95,10
DA:97,10
DA:99,0
DA:104,0
DA:105,0
DA:106,0
DA:108,0
DA:113,0
DA:114,0
DA:121,1
DA:122,1
DA:123,1
DA:130,1
DA:131,1
DA:132,1
DA:138,0
DA:139,0
DA:140,0
DA:147,1
DA:148,1
DA:149,0
DA:150,0
DA:151,0
DA:157,0
DA:158,0
DA:160,0
DA:167,3
DA:168,3
DA:169,3
DA:176,1
DA:177,1
DA:185,1
DA:186,1
DA:193,1
DA:216,1
LF:72
LH:44
BRDA:33,0,0,3
BRDA:33,0,1,5
BRF:2
BRH:2
end_of_record
